<?xml version="1.0" encoding="UTF-8" ?>
<testsuite errors="0" skipped="0" tests="2" time="0.078" failures="0" name="org.codehaus.mojo.webstart.SignConfigTest">
  <properties>
    <property value="Java(TM) 2 Runtime Environment, Standard Edition" name="java.runtime.name"/>
    <property value="/opt/sun-jdk-1.5.0.06/jre/lib/i386" name="sun.boot.library.path"/>
    <property value="1.5.0_06-b05" name="java.vm.version"/>
    <property value="Sun Microsystems Inc." name="java.vm.vendor"/>
    <property value="http://java.sun.com/" name="java.vendor.url"/>
    <property value=":" name="path.separator"/>
    <property value="Java HotSpot(TM) Client VM" name="java.vm.name"/>
    <property value="sun.io" name="file.encoding.pkg"/>
    <property value="US" name="user.country"/>
    <property value="unknown" name="sun.os.patch.level"/>
    <property value="Java Virtual Machine Specification" name="java.vm.specification.name"/>
    <property value="/home/scott/EclipseWorkspaces/Current/webstart-maven-plugin/plugin" name="user.dir"/>
    <property value="1.5.0_06-b05" name="java.runtime.version"/>
    <property value="sun.awt.X11GraphicsEnvironment" name="java.awt.graphicsenv"/>
    <property value="/home/scott/EclipseWorkspaces/Current/webstart-maven-plugin/plugin" name="basedir"/>
    <property value="/opt/sun-jdk-1.5.0.06/jre/lib/endorsed" name="java.endorsed.dirs"/>
    <property value="i386" name="os.arch"/>
    <property value="/tmp" name="java.io.tmpdir"/>
    <property value="
" name="line.separator"/>
    <property value="Sun Microsystems Inc." name="java.vm.specification.vendor"/>
    <property value="Linux" name="os.name"/>
    <property value="ANSI_X3.4-1968" name="sun.jnu.encoding"/>
    <property value="/opt/sun-jdk-1.5.0.06/jre/lib/i386/client:/opt/sun-jdk-1.5.0.06/jre/lib/i386:/opt/sun-jdk-1.5.0.06/jre/../lib/i386" name="java.library.path"/>
    <property value="Java Platform API Specification" name="java.specification.name"/>
    <property value="49.0" name="java.class.version"/>
    <property value="HotSpot Client Compiler" name="sun.management.compiler"/>
    <property value="2.6.14-gentoo-r5" name="os.version"/>
    <property value="/home/scott" name="user.home"/>
    <property value="" name="user.timezone"/>
    <property value="sun.print.PSPrinterJob" name="java.awt.printerjob"/>
    <property value="ANSI_X3.4-1968" name="file.encoding"/>
    <property value="1.5" name="java.specification.version"/>
    <property value="scott" name="user.name"/>
    <property value="/home/scott/.m2/repository/org/apache/maven/surefire/surefire-api/2.0/surefire-api-2.0.jar:/home/scott/.m2/repository/org/codehaus/plexus/plexus-utils/1.1/plexus-utils-1.1.jar:/home/scott/.m2/repository/org/apache/maven/surefire/surefire-booter/2.0/surefire-booter-2.0.jar" name="java.class.path"/>
    <property value="1.0" name="java.vm.specification.version"/>
    <property value="32" name="sun.arch.data.model"/>
    <property value="/opt/sun-jdk-1.5.0.06/jre" name="java.home"/>
    <property value="Sun Microsystems Inc." name="java.specification.vendor"/>
    <property value="en" name="user.language"/>
    <property value="mixed mode" name="java.vm.info"/>
    <property value="1.5.0_06" name="java.version"/>
    <property value="/opt/sun-jdk-1.5.0.06/jre/lib/ext" name="java.ext.dirs"/>
    <property value="/opt/sun-jdk-1.5.0.06/jre/lib/rt.jar:/opt/sun-jdk-1.5.0.06/jre/lib/i18n.jar:/opt/sun-jdk-1.5.0.06/jre/lib/sunrsasign.jar:/opt/sun-jdk-1.5.0.06/jre/lib/jsse.jar:/opt/sun-jdk-1.5.0.06/jre/lib/jce.jar:/opt/sun-jdk-1.5.0.06/jre/lib/charsets.jar:/opt/sun-jdk-1.5.0.06/jre/classes" name="sun.boot.class.path"/>
    <property value="Sun Microsystems Inc." name="java.vendor"/>
    <property value="/home/scott/.m2/repository" name="localRepository"/>
    <property value="/" name="file.separator"/>
    <property value="http://java.sun.com/cgi-bin/bugreport.cgi" name="java.vendor.url.bug"/>
    <property value="little" name="sun.cpu.endian"/>
    <property value="UnicodeLittle" name="sun.io.unicode.encoding"/>
    <property value="gnome" name="sun.desktop"/>
    <property value="" name="sun.cpu.isalist"/>
  </properties>
  <testcase time="0.006" name="testGetDname"/>
  <testcase time="0" name="testGetDnameMissing"/>
</testsuite>